ARM GAS  /var/folders/bs/_68147ln4jv13pgqtjvjqbww0000gn/T//cceVJ6pB.s 			page 1


   1              		.cpu cortex-m3
   2              		.arch armv7-m
   3              		.fpu softvfp
   4              		.eabi_attribute 20, 1
   5              		.eabi_attribute 21, 1
   6              		.eabi_attribute 23, 3
   7              		.eabi_attribute 24, 1
   8              		.eabi_attribute 25, 1
   9              		.eabi_attribute 26, 1
  10              		.eabi_attribute 30, 1
  11              		.eabi_attribute 34, 1
  12              		.eabi_attribute 18, 4
  13              		.file	"app_main.c"
  14              		.text
  15              	.Ltext0:
  16              		.cfi_sections	.debug_frame
  17              		.section	.text.app_main,"ax",%progbits
  18              		.align	1
  19              		.global	app_main
  20              		.syntax unified
  21              		.thumb
  22              		.thumb_func
  24              	app_main:
  25              	.LFB0:
  26              		.file 1 "Src/app_main.c"
   1:Src/app_main.c **** void app_main() {
  27              		.loc 1 1 17 view -0
  28              		.cfi_startproc
  29              		@ Volatile: function does not return.
  30              		@ args = 0, pretend = 0, frame = 0
  31              		@ frame_needed = 0, uses_anonymous_args = 0
  32              		@ link register save eliminated.
  33              	.L2:
   2:Src/app_main.c ****     while (1) {
  34              		.loc 1 2 5 discriminator 1 view .LVU1
   3:Src/app_main.c ****     }
  35              		.loc 1 3 5 discriminator 1 view .LVU2
   2:Src/app_main.c ****     while (1) {
  36              		.loc 1 2 11 discriminator 1 view .LVU3
  37 0000 FEE7     		b	.L2
  38              		.cfi_endproc
  39              	.LFE0:
  41              		.text
  42              	.Letext0:
ARM GAS  /var/folders/bs/_68147ln4jv13pgqtjvjqbww0000gn/T//cceVJ6pB.s 			page 2


DEFINED SYMBOLS
                            *ABS*:0000000000000000 app_main.c
/var/folders/bs/_68147ln4jv13pgqtjvjqbww0000gn/T//cceVJ6pB.s:18     .text.app_main:0000000000000000 $t
/var/folders/bs/_68147ln4jv13pgqtjvjqbww0000gn/T//cceVJ6pB.s:24     .text.app_main:0000000000000000 app_main

NO UNDEFINED SYMBOLS
